<?xml version="1.0" encoding="UTF-8"?>
<!-- Generated by org.testng.reporters.JUnitReportReporter -->
<testsuite skipped="0" hostname="GorkemK" name="tests.RegressionTestSuite.TC_Regression_001_Phase_1" tests="1" failures="0" timestamp="2020-02-17T13:11:56 EET" time="1496.053" errors="0">
  <testcase name="TC_Regression_001_Phase_1" time="1496.053" classname="tests.RegressionTestSuite.TC_Regression_001_Phase_1"/>
</testsuite> <!-- tests.RegressionTestSuite.TC_Regression_001_Phase_1 -->
